1595666166211	mozrunner::runner	INFO	Running command: "/usr/bin/firefox" "-marionette" "-foreground" "-no-remote" "-profile" "/tmp/rust_mozprofile.Cxng1Qof0fg3"
1595666167301	Marionette	TRACE	Marionette enabled
1595666167469	Marionette	TRACE	Received observer notification toplevel-window-ready
1595666168813	Marionette	TRACE	Received observer notification marionette-startup-requested
1595666168813	Marionette	TRACE	Waiting until startup recorder finished recording startup scripts...
1595666168829	Marionette	TRACE	All scripts recorded.
1595666168829	Marionette	DEBUG	Setting recommended pref apz.content_response_timeout to 60000
1595666168829	Marionette	DEBUG	Setting recommended pref browser.contentblocking.introCount to 99
1595666168829	Marionette	DEBUG	Setting recommended pref browser.download.panel.shown to true
1595666168829	Marionette	DEBUG	Setting recommended pref browser.newtabpage.enabled to false
1595666168830	Marionette	DEBUG	Setting recommended pref browser.pagethumbnails.capturing_disabled to true
1595666168830	Marionette	DEBUG	Setting recommended pref browser.search.update to false
1595666168830	Marionette	DEBUG	Setting recommended pref browser.tabs.disableBackgroundZombification to false
1595666168830	Marionette	DEBUG	Setting recommended pref browser.tabs.remote.separatePrivilegedContentProcess to false
1595666168831	Marionette	DEBUG	Setting recommended pref browser.tabs.unloadOnLowMemory to false
1595666168831	Marionette	DEBUG	Setting recommended pref browser.tabs.warnOnCloseOtherTabs to false
1595666168831	Marionette	DEBUG	Setting recommended pref browser.tabs.warnOnOpen to false
1595666168831	Marionette	DEBUG	Setting recommended pref browser.usedOnWindows10.introURL to 
1595666168831	Marionette	DEBUG	Setting recommended pref browser.urlbar.suggest.searches to false
1595666168832	Marionette	DEBUG	Setting recommended pref datareporting.policy.dataSubmissionPolicyAccepted to false
1595666168832	Marionette	DEBUG	Setting recommended pref dom.disable_beforeunload to true
1595666168832	Marionette	DEBUG	Setting recommended pref dom.disable_open_during_load to false
1595666168832	Marionette	DEBUG	Setting recommended pref dom.file.createInChild to true
1595666168832	Marionette	DEBUG	Setting recommended pref dom.max_chrome_script_run_time to 0
1595666168832	Marionette	DEBUG	Setting recommended pref dom.max_script_run_time to 0
1595666168833	Marionette	DEBUG	Setting recommended pref dom.push.connection.enabled to false
1595666168833	Marionette	DEBUG	Setting recommended pref extensions.getAddons.cache.enabled to false
1595666168833	Marionette	DEBUG	Setting recommended pref extensions.getAddons.discovery.api_url to data:, 
1595666168833	Marionette	DEBUG	Setting recommended pref network.http.prompt-temp-redirect to false
1595666168833	Marionette	DEBUG	Setting recommended pref privacy.trackingprotection.enabled to false
1595666168833	Marionette	DEBUG	Setting recommended pref security.certerrors.mitm.priming.enabled to false
1595666168833	Marionette	DEBUG	Setting recommended pref security.fileuri.strict_origin_policy to false
1595666168833	Marionette	DEBUG	Setting recommended pref security.notification_enable_delay to 0
1595666168834	Marionette	DEBUG	Setting recommended pref signon.autofillForms to false
1595666168834	Marionette	DEBUG	Setting recommended pref signon.rememberSignons to false
1595666168835	Marionette	DEBUG	Setting recommended pref toolkit.cosmeticAnimations.enabled to false
1595666168874	Marionette	INFO	Listening on port 46849
1595666168874	Marionette	DEBUG	Marionette is listening
1595666168917	Marionette	DEBUG	Accepted connection 0 from 127.0.0.1:41312
1595666168918	Marionette	DEBUG	0 -> [0,1,"WebDriver:NewSession",{"acceptInsecureCerts":true,"browserName":"firefox"}]
1595666168919	Marionette	WARN	TLS certificate errors will be ignored for this session
1595666168946	Marionette	TRACE	[7] Frame script loaded
1595666168948	Marionette	TRACE	[7] Frame script registered
1595666168954	Marionette	DEBUG	0 <- [1,1,null,{"sessionId":"71f56928-ba82-405a-9b4e-b85ebc684531","capabilities":{"browserName":"firefox","browserVersion":"78.0. ... ozprofile.Cxng1Qof0fg3","moz:shutdownTimeout":60000,"moz:useNonSpecCompliantPointerOrigin":false,"moz:webdriverClick":true}}]
1595666168958	Marionette	DEBUG	0 -> [0,2,"WebDriver:Navigate",{"url":"https://www.google.com"}]
1595666168968	Marionette	TRACE	[7] Received DOM event beforeunload for about:blank
1595666169809	Marionette	TRACE	[7] Received DOM event pagehide for about:blank
1595666169936	Marionette	TRACE	[7] Received DOM event DOMContentLoaded for https://www.google.com/
1595666172099	Marionette	TRACE	[7] Received DOM event pageshow for https://www.google.com/
1595666172100	Marionette	DEBUG	0 <- [1,2,null,{"value":null}]
1595666172104	Marionette	DEBUG	0 -> [0,3,"Marionette:Quit",{"flags":["eForceQuit"]}]
1595666172104	Marionette	INFO	Stopped listening on port 46849
1595666172150	Marionette	TRACE	Received observer notification quit-application
1595666172153	Marionette	DEBUG	0 <- [1,3,null,{"cause":"shutdown"}]
1595666172176	Marionette	DEBUG	0 -> [0,4,"Marionette:Quit",{"flags":["eForceQuit"]}]
1595666172176	Marionette	DEBUG	0 <- [1,4,{"error":"invalid session id","message":"Tried to run command without establishing a connection","stacktrace":"WebDriver ... t@chrome://marionette/content/server.js:249:9\n_onJSONObjectReady/<@chrome://marionette/content/transport.js:501:20\n"},null]
1595666172194	Marionette	DEBUG	Closed connection 0
1595666173337	Marionette	TRACE	Received observer notification xpcom-will-shutdown
1595666173337	Marionette	DEBUG	Resetting recommended pref apz.content_response_timeout
1595666173337	Marionette	DEBUG	Resetting recommended pref browser.contentblocking.introCount
1595666173337	Marionette	DEBUG	Resetting recommended pref browser.download.panel.shown
1595666173337	Marionette	DEBUG	Resetting recommended pref browser.newtabpage.enabled
1595666173337	Marionette	DEBUG	Resetting recommended pref browser.pagethumbnails.capturing_disabled
1595666173337	Marionette	DEBUG	Resetting recommended pref browser.search.update
1595666173338	Marionette	DEBUG	Resetting recommended pref browser.tabs.disableBackgroundZombification
1595666173338	Marionette	DEBUG	Resetting recommended pref browser.tabs.remote.separatePrivilegedContentProcess
1595666173338	Marionette	DEBUG	Resetting recommended pref browser.tabs.unloadOnLowMemory
1595666173338	Marionette	DEBUG	Resetting recommended pref browser.tabs.warnOnCloseOtherTabs
1595666173338	Marionette	DEBUG	Resetting recommended pref browser.tabs.warnOnOpen
1595666173338	Marionette	DEBUG	Resetting recommended pref browser.usedOnWindows10.introURL
1595666173338	Marionette	DEBUG	Resetting recommended pref browser.urlbar.suggest.searches
1595666173338	Marionette	DEBUG	Resetting recommended pref datareporting.policy.dataSubmissionPolicyAccepted
1595666173338	Marionette	DEBUG	Resetting recommended pref dom.disable_beforeunload
1595666173338	Marionette	DEBUG	Resetting recommended pref dom.disable_open_during_load
1595666173338	Marionette	DEBUG	Resetting recommended pref dom.file.createInChild
1595666173338	Marionette	DEBUG	Resetting recommended pref dom.max_chrome_script_run_time
1595666173338	Marionette	DEBUG	Resetting recommended pref dom.max_script_run_time
1595666173338	Marionette	DEBUG	Resetting recommended pref dom.push.connection.enabled
1595666173338	Marionette	DEBUG	Resetting recommended pref extensions.getAddons.cache.enabled
1595666173339	Marionette	DEBUG	Resetting recommended pref extensions.getAddons.discovery.api_url
1595666173339	Marionette	DEBUG	Resetting recommended pref network.http.prompt-temp-redirect
1595666173339	Marionette	DEBUG	Resetting recommended pref privacy.trackingprotection.enabled
1595666173339	Marionette	DEBUG	Resetting recommended pref security.certerrors.mitm.priming.enabled
1595666173339	Marionette	DEBUG	Resetting recommended pref security.fileuri.strict_origin_policy
1595666173339	Marionette	DEBUG	Resetting recommended pref security.notification_enable_delay
1595666173339	Marionette	DEBUG	Resetting recommended pref signon.autofillForms
1595666173339	Marionette	DEBUG	Resetting recommended pref signon.rememberSignons
1595666173339	Marionette	DEBUG	Resetting recommended pref toolkit.cosmeticAnimations.enabled
1595666173339	Marionette	DEBUG	Marionette stopped listening
